<?xml version="1.0" encoding="UTF-8"?>
<testsuite name="de.tud.cs.se.flashcards.model.CommandHistoryTest" tests="1" skipped="0" failures="0" errors="0" timestamp="2019-01-24T08:15:08" hostname="LaptopSiggi" time="0.57">
  <properties/>
  <testcase name="testHistoryManagement" classname="de.tud.cs.se.flashcards.model.CommandHistoryTest" time="0.57"/>
  <system-out><![CDATA[]]></system-out>
  <system-err><![CDATA[]]></system-err>
</testsuite>
